M_Android/usr-android-RelayCtrl/app/build/outputs/logs/manifest-merger-debug-report.txt
-- Merging decision tree log ---
manifest
ADDED from src/main/AndroidManifest.xml:2:1-33:12
INJECTED from src/main/AndroidManifest.xml:2:1-33:12
INJECTED from src/main/AndroidManifest.xml:2:1-33:12
INJECTED from src/main/AndroidManifest.xml:2:1-33:12
INJECTED from src/main/AndroidManifest.xml:2:1-33:12
INJECTED from src/main/AndroidManifest.xml:2:1-33:12
INJECTED from src/main/AndroidManifest.xml:2:1-33:12
	package
		ADDED from src/main/AndroidManifest.xml:3:5-37
		INJECTED from src/main/AndroidManifest.xml
		INJECTED from src/main/AndroidManifest.xml
	android:versionName
		ADDED from src/main/AndroidManifest.xml:5:5-30
		INJECTED from src/main/AndroidManifest.xml
		INJECTED from src/main/AndroidManifest.xml
	xmlns:android
		ADDED from src/main/AndroidManifest.xml:2:11-69
	android:versionCode
		ADDED from src/main/AndroidManifest.xml:4:5-28
		INJECTED from src/main/AndroidManifest.xml
		INJECTED from src/main/AndroidManifest.xml
uses-sdk
ADDED from src/main/AndroidManifest.xml:7:5-43
INJECTED from src/main/AndroidManifest.xml:7:5-43
INJECTED from src/main/AndroidManifest.xml:7:5-43
INJECTED from src/main/AndroidManifest.xml:7:5-43
INJECTED from src/main/AndroidManifest.xml:7:5-43
	android:targetSdkVersion
		INJECTED from src/main/AndroidManifest.xml
		ADDED from src/main/AndroidManifest.xml:7:5-43
		INJECTED from src/main/AndroidManifest.xml
	android:minSdkVersion
		ADDED from src/main/AndroidManifest.xml:7:15-40
		INJECTED from src/main/AndroidManifest.xml
		INJECTED from src/main/AndroidManifest.xml
supports-screens
ADDED from src/main/AndroidManifest.xml:8:5-13:37
	android:largeScreens
		ADDED from src/main/AndroidManifest.xml:11:9-36
	android:smallScreens
		ADDED from src/main/AndroidManifest.xml:9:9-36
	android:normalScreens
		ADDED from src/main/AndroidManifest.xml:10:9-37
	android:resizeable
		ADDED from src/main/AndroidManifest.xml:12:9-34
	android:anyDensity
		ADDED from src/main/AndroidManifest.xml:13:9-34
application
ADDED from src/main/AndroidManifest.xml:14:5-28:19
	android:label
		ADDED from src/main/AndroidManifest.xml:16:9-41
	android:icon
		ADDED from src/main/AndroidManifest.xml:15:9-45
activity#com.fontlose.relayctrl.RelayCtrlActivity
ADDED from src/main/AndroidManifest.xml:17:9-26:20
	android:screenOrientation
		ADDED from src/main/AndroidManifest.xml:19:13-49
	android:label
		ADDED from src/main/AndroidManifest.xml:20:13-45
	android:name
		ADDED from src/main/AndroidManifest.xml:18:13-46
intent-filter#android.intent.action.MAIN+android.intent.category.LAUNCHER
ADDED from src/main/AndroidManifest.xml:21:13-25:29
action#android.intent.action.MAIN
ADDED from src/main/AndroidManifest.xml:22:17-69
	android:name
		ADDED from src/main/AndroidManifest.xml:22:25-66
category#android.intent.category.LAUNCHER
ADDED from src/main/AndroidManifest.xml:24:17-77
	android:name
		ADDED from src/main/AndroidManifest.xml:24:27-74
uses-permission#android.permission.INTERNET
ADDED from src/main/AndroidManifest.xml:29:3-65
	android:name
		ADDED from src/main/AndroidManifest.xml:29:20-62
uses-permission#android.permission.ACCESS_NETWORK_STATE
ADDED from src/main/AndroidManifest.xml:30:5-79
	android:name
		ADDED from src/main/AndroidManifest.xml:30:22-76
uses-permission#android.permission.WRITE_EXTERNAL_STORAGE
ADDED from src/main/AndroidManifest.xml:31:5-81
	android:name
		ADDED from src/main/AndroidManifest.xml:31:22-78
uses-permission#android.permission.ACCESS_WIFI_STATE
ADDED from src/main/AndroidManifest.xml:32:5-76
	android:name
		ADDED from src/main/AndroidManifest.xml:32:22-73